[am] mode=head_only memory=retrieved_topk run=rebuild_pilot device=cuda
[prepare] building raw sessions
[prepare] loading 01.json (1/67)
[prepare] 01.json: rows=289858 sessions=10 cumulative_sessions=10
[prepare] loading 02.json (2/67)
[prepare] 02.json: rows=999729 sessions=2 cumulative_sessions=12
[prepare] loading 03.json (3/67)
[prepare] 03.json: rows=85714 sessions=65 cumulative_sessions=77
[prepare] loading 04.json (4/67)
[prepare] 04.json: rows=475465 sessions=1 cumulative_sessions=78
[prepare] loading 05.json (5/67)
[prepare] 05.json: rows=35 sessions=22 cumulative_sessions=100
[prepare] loading 06.json (6/67)
[prepare] 06.json: rows=349932 sessions=1 cumulative_sessions=101
[prepare] loading 07.json (7/67)
[prepare] 07.json: rows=48 sessions=6 cumulative_sessions=107
[prepare] loading 08.json (8/67)
[prepare] 08.json: rows=5639 sessions=416 cumulative_sessions=523
[prepare] loading 09.json (9/67)
[prepare] 09.json: rows=6474 sessions=82 cumulative_sessions=605
[prepare] loading 10.json (10/67)
[prepare] 10.json: rows=245405 sessions=92 cumulative_sessions=697
[prepare] loading 11.json (11/67)
[prepare] 11.json: rows=79 sessions=36 cumulative_sessions=733
[prepare] loading 12.json (12/67)
[prepare] 12.json: rows=39032 sessions=26 cumulative_sessions=759
[prepare] loading 13.json (13/67)
[prepare] 13.json: rows=603 sessions=183 cumulative_sessions=942
[prepare] loading 14.json (14/67)
[prepare] 14.json: rows=291888 sessions=2 cumulative_sessions=944
[prepare] loading 15.json (15/67)
[prepare] 15.json: rows=727120 sessions=1 cumulative_sessions=945
[prepare] loading 16.json (16/67)
[prepare] 16.json: rows=672134 sessions=94 cumulative_sessions=1039
[prepare] loading 17.json (17/67)
[prepare] 17.json: rows=32478 sessions=282 cumulative_sessions=1321
[prepare] loading 18.json (18/67)
[prepare] 18.json: rows=4266 sessions=329 cumulative_sessions=1650
[prepare] loading 19.json (19/67)
[prepare] 19.json: rows=35469 sessions=13 cumulative_sessions=1663
[prepare] loading 20.json (20/67)
[prepare] 20.json: rows=4566 sessions=204 cumulative_sessions=1867
[prepare] loading 21.json (21/67)
[prepare] 21.json: rows=3834 sessions=449 cumulative_sessions=2316
[prepare] loading 22.json (22/67)
[prepare] 22.json: rows=71604 sessions=116 cumulative_sessions=2432
[prepare] loading 23.json (23/67)
[prepare] 23.json: rows=15058 sessions=261 cumulative_sessions=2693
[prepare] loading 24.json (24/67)
[prepare] 24.json: rows=973354 sessions=1 cumulative_sessions=2694
[prepare] loading 25.json (25/67)
[prepare] 25.json: rows=12493 sessions=425 cumulative_sessions=3119
[prepare] loading 26.json (26/67)
[prepare] 26.json: rows=106984 sessions=48 cumulative_sessions=3167
[prepare] loading 27.json (27/67)
[prepare] 27.json: rows=108679 sessions=124 cumulative_sessions=3291
[prepare] loading 28.json (28/67)
[prepare] 28.json: rows=19734 sessions=133 cumulative_sessions=3424
[prepare] loading 29.json (29/67)
[prepare] 29.json: rows=240683 sessions=63 cumulative_sessions=3487
[prepare] loading 30.json (30/67)
[prepare] 30.json: rows=183 sessions=32 cumulative_sessions=3519
[prepare] loading 31.json (31/67)
[prepare] 31.json: rows=16616 sessions=171 cumulative_sessions=3690
[prepare] loading 32.json (32/67)
[prepare] 32.json: rows=417754 sessions=7 cumulative_sessions=3697
[prepare] loading 33.json (33/67)
[prepare] 33.json: rows=50922 sessions=4 cumulative_sessions=3701
[prepare] loading 34.json (34/67)
[prepare] 34.json: rows=10403 sessions=9 cumulative_sessions=3710
[prepare] loading 35.json (35/67)
[prepare] 35.json: rows=2796 sessions=126 cumulative_sessions=3836
[prepare] loading 36.json (36/67)
[prepare] 36.json: rows=48190 sessions=218 cumulative_sessions=4054
[prepare] loading 37.json (37/67)
[prepare] 37.json: rows=26585 sessions=76 cumulative_sessions=4130
[prepare] loading 38.json (38/67)
[prepare] 38.json: rows=20349 sessions=187 cumulative_sessions=4317
[prepare] loading 39.json (39/67)
[prepare] 39.json: rows=4284 sessions=48 cumulative_sessions=4365
[prepare] loading 40.json (40/67)
[prepare] 40.json: rows=999786 sessions=2 cumulative_sessions=4367
[prepare] loading 41.json (41/67)
[prepare] 41.json: rows=3753 sessions=476 cumulative_sessions=4843
[prepare] loading 42.json (42/67)
[prepare] 42.json: rows=91847 sessions=5 cumulative_sessions=4848
[prepare] loading 43.json (43/67)
[prepare] 43.json: rows=18772 sessions=111 cumulative_sessions=4959
[prepare] loading 44.json (44/67)
[prepare] 44.json: rows=38735 sessions=227 cumulative_sessions=5186
[prepare] loading 45.json (45/67)
[prepare] 45.json: rows=22583 sessions=191 cumulative_sessions=5377
[prepare] loading 46.json (46/67)
[prepare] 46.json: rows=57363 sessions=298 cumulative_sessions=5675
[prepare] loading 47.json (47/67)
[prepare] 47.json: rows=503 sessions=96 cumulative_sessions=5771
[prepare] loading 48.json (48/67)
[prepare] 48.json: rows=16948 sessions=168 cumulative_sessions=5939
[prepare] loading 49.json (49/67)
[prepare] 49.json: rows=19104 sessions=29 cumulative_sessions=5968
[prepare] loading 50.json (50/67)
[prepare] 50.json: rows=1272 sessions=13 cumulative_sessions=5981
[prepare] loading 51.json (51/67)
[prepare] 51.json: rows=38672 sessions=194 cumulative_sessions=6175
[prepare] loading 52.json (52/67)
[prepare] 52.json: rows=34054 sessions=52 cumulative_sessions=6227
[prepare] loading 53.json (53/67)
[prepare] 53.json: rows=182632 sessions=24 cumulative_sessions=6251
[prepare] loading 54.json (54/67)
[prepare] 54.json: rows=15789 sessions=194 cumulative_sessions=6445
[prepare] loading 55.json (55/67)
[prepare] 55.json: rows=978 sessions=57 cumulative_sessions=6502
[prepare] loading 56.json (56/67)
[prepare] 56.json: rows=2797 sessions=461 cumulative_sessions=6963
[prepare] loading 57.json (57/67)
[prepare] 57.json: rows=1140 sessions=280 cumulative_sessions=7243
[prepare] loading 58.json (58/67)
[prepare] 58.json: rows=34627 sessions=34 cumulative_sessions=7277
[prepare] loading 59.json (59/67)
[prepare] 59.json: rows=202 sessions=123 cumulative_sessions=7400
[prepare] loading 60.json (60/67)
[prepare] 60.json: rows=22352 sessions=44 cumulative_sessions=7444
[prepare] loading 61.json (61/67)
[prepare] 61.json: rows=3723 sessions=92 cumulative_sessions=7536
[prepare] loading 62.json (62/67)
[prepare] 62.json: rows=123891 sessions=94 cumulative_sessions=7630
[prepare] loading 63.json (63/67)
[prepare] 63.json: rows=6094 sessions=441 cumulative_sessions=8071
[prepare] loading 64.json (64/67)
[prepare] 64.json: rows=148602 sessions=7 cumulative_sessions=8078
[prepare] loading 65.json (65/67)
[prepare] 65.json: rows=58 sessions=24 cumulative_sessions=8102
[prepare] loading 66.json (66/67)
[prepare] 66.json: rows=67 sessions=26 cumulative_sessions=8128
[prepare] loading 67.json (67/67)
[prepare] 67.json: rows=648950 sessions=1 cumulative_sessions=8129
[prepare] media counts json_files=67 total_rows=8951733 supported_media=['.gif', '.png', '.webm'] supported_sticker_rows=370222 unsupported_sticker_rows=0 png_rows=194033 gif_rows=58160 webm_rows=118029 offensive_rows=141970
[prepare] scanned sessions=100/8129 provisional_samples=39973
[prepare] scanned sessions=200/8129 provisional_samples=54085
[prepare] scanned sessions=300/8129 provisional_samples=54348
[prepare] scanned sessions=400/8129 provisional_samples=54554
[prepare] scanned sessions=500/8129 provisional_samples=55933
[prepare] scanned sessions=600/8129 provisional_samples=59204
[prepare] scanned sessions=700/8129 provisional_samples=69886
[prepare] scanned sessions=800/8129 provisional_samples=71482
[prepare] scanned sessions=900/8129 provisional_samples=71501
[prepare] scanned sessions=1000/8129 provisional_samples=131595
[prepare] scanned sessions=1100/8129 provisional_samples=139550
[prepare] scanned sessions=1200/8129 provisional_samples=139650
[prepare] scanned sessions=1300/8129 provisional_samples=140496
[prepare] scanned sessions=1400/8129 provisional_samples=141106
[prepare] scanned sessions=1500/8129 provisional_samples=141206
[prepare] scanned sessions=1600/8129 provisional_samples=141247
[prepare] scanned sessions=1700/8129 provisional_samples=150592
[prepare] scanned sessions=1800/8129 provisional_samples=150962
[prepare] scanned sessions=1900/8129 provisional_samples=151269
[prepare] scanned sessions=2000/8129 provisional_samples=151269
[prepare] scanned sessions=2100/8129 provisional_samples=151269
[prepare] scanned sessions=2200/8129 provisional_samples=151269
[prepare] scanned sessions=2300/8129 provisional_samples=151270
[prepare] scanned sessions=2400/8129 provisional_samples=151612
[prepare] scanned sessions=2500/8129 provisional_samples=153505
[prepare] scanned sessions=2600/8129 provisional_samples=154117
[prepare] scanned sessions=2700/8129 provisional_samples=158715
[prepare] scanned sessions=2800/8129 provisional_samples=158733
[prepare] scanned sessions=2900/8129 provisional_samples=158733
[prepare] scanned sessions=3000/8129 provisional_samples=158733
[prepare] scanned sessions=3100/8129 provisional_samples=158966
[prepare] scanned sessions=3200/8129 provisional_samples=160085
[prepare] scanned sessions=3300/8129 provisional_samples=163549
[prepare] scanned sessions=3400/8129 provisional_samples=163668
[prepare] scanned sessions=3500/8129 provisional_samples=165180
[prepare] scanned sessions=3600/8129 provisional_samples=165298
[prepare] scanned sessions=3700/8129 provisional_samples=251746
[prepare] scanned sessions=3800/8129 provisional_samples=252448
[prepare] scanned sessions=3900/8129 provisional_samples=253156
[prepare] scanned sessions=4000/8129 provisional_samples=253157
[prepare] scanned sessions=4100/8129 provisional_samples=253983
[prepare] scanned sessions=4200/8129 provisional_samples=254320
[prepare] scanned sessions=4300/8129 provisional_samples=254321
[prepare] scanned sessions=4400/8129 provisional_samples=276040
[prepare] scanned sessions=4500/8129 provisional_samples=276055
[prepare] scanned sessions=4600/8129 provisional_samples=276105
[prepare] scanned sessions=4700/8129 provisional_samples=276138
[prepare] scanned sessions=4800/8129 provisional_samples=276149
[prepare] scanned sessions=4900/8129 provisional_samples=278356
[prepare] scanned sessions=5000/8129 provisional_samples=278858
[prepare] scanned sessions=5100/8129 provisional_samples=278967
[prepare] scanned sessions=5200/8129 provisional_samples=279297
[prepare] scanned sessions=5300/8129 provisional_samples=279499
[prepare] scanned sessions=5400/8129 provisional_samples=280219
[prepare] scanned sessions=5500/8129 provisional_samples=280341
[prepare] scanned sessions=5600/8129 provisional_samples=280369
[prepare] scanned sessions=5700/8129 provisional_samples=280377
[prepare] scanned sessions=5800/8129 provisional_samples=280437
[prepare] scanned sessions=5900/8129 provisional_samples=280498
[prepare] scanned sessions=6000/8129 provisional_samples=282746
[prepare] scanned sessions=6100/8129 provisional_samples=282909
[prepare] scanned sessions=6200/8129 provisional_samples=303927
[prepare] scanned sessions=6300/8129 provisional_samples=320666
[prepare] scanned sessions=6400/8129 provisional_samples=322473
[prepare] scanned sessions=6500/8129 provisional_samples=323866
[prepare] scanned sessions=6600/8129 provisional_samples=324072
[prepare] scanned sessions=6700/8129 provisional_samples=324222
[prepare] scanned sessions=6800/8129 provisional_samples=324474
[prepare] scanned sessions=6900/8129 provisional_samples=324537
[prepare] scanned sessions=7000/8129 provisional_samples=324572
[prepare] scanned sessions=7100/8129 provisional_samples=324573
[prepare] scanned sessions=7200/8129 provisional_samples=324574
[prepare] scanned sessions=7300/8129 provisional_samples=346472
[prepare] scanned sessions=7400/8129 provisional_samples=346472
[prepare] scanned sessions=7500/8129 provisional_samples=347239
[prepare] scanned sessions=7600/8129 provisional_samples=354083
[prepare] scanned sessions=7700/8129 provisional_samples=354097
[prepare] scanned sessions=7800/8129 provisional_samples=354097
[prepare] scanned sessions=7900/8129 provisional_samples=354102
[prepare] scanned sessions=8000/8129 provisional_samples=354103
[prepare] scanned sessions=8100/8129 provisional_samples=361124
[prepare] scanned sessions=8129/8129 provisional_samples=368503
[prepare] full split sizes before label filtering train=328953 val=39550 test=0
[prepare] full_train_size_before_cap=133751 train_size_after_cap=5000 valid_size_after_filtering=2000 final_sticker_pool=1954
[prepare] loading memory retriever
Warning: You are sending unauthenticated requests to the HF Hub. Please set a HF_TOKEN to enable higher rate limits and faster downloads.
Loading weights:   0%|          | 0/199 [00:00<?, ?it/s]Loading weights: 100%|██████████| 199/199 [00:00<00:00, 30096.51it/s]
[1mBertModel LOAD REPORT[0m from: intfloat/multilingual-e5-small
Key                     | Status     |  | 
------------------------+------------+--+-
embeddings.position_ids | UNEXPECTED |  | 

Notes:
- UNEXPECTED:	can be ignored when loading from different task/architecture; not ok if you expect identical arch.
[prepare] encoding 8129 session summaries
[prepare] encoding 7000 sample queries
[prepare] manifest saved to /scratch/rl182/meme/usticker_igsr/data/usticker_manifest_rebuild_pilot.json
[am] sticker_bank=1873 train=4774 val=1997
[am] precomputing frozen text embeddings
[am] precomputing frozen image bank
[am] epoch 1 step 0 loss=8.1509
[am] epoch 1 summary {'epoch': 1, 'train_loss': 7.1244, 'val_p@1': 0.0035, 'val_p@5': 0.033, 'val_p@30': 0.1407, 'val_group_p@30': 0.9574, 'val_two_stage_group_p@30': 0.8127}
[am] epoch 1 checkpoint saved (best_score=0.8127)
[am] epoch 2 step 0 loss=6.6440
[am] epoch 2 summary {'epoch': 2, 'train_loss': 6.4462, 'val_p@1': 0.015, 'val_p@5': 0.0566, 'val_p@30': 0.1397, 'val_group_p@30': 0.9539, 'val_two_stage_group_p@30': 0.7391}
[am] epoch 2 checkpoint saved (best_score=0.8127)
[am] DONE am_head_only_retrieved_topk_rebuild_pilot best_score=0.8127
{
  "p@1": 0.015,
  "p@3": 0.0376,
  "p@5": 0.0566,
  "p@10": 0.0761,
  "p@30": 0.1397,
  "map": 0.0401,
  "mrr": 0.0401
}
